<?xml version="1.0" encoding="UTF-8"?>
<testsuite xmlns:xsi="http://www.w3.org/2001/XMLSchema-instance" xsi:noNamespaceSchemaLocation="https://maven.apache.org/surefire/maven-surefire-plugin/xsd/surefire-test-report-3.0.xsd" version="3.0" name="com.salud.backend.BackendApplicationTests" time="15.235" tests="1" errors="0" skipped="0" failures="0">
  <properties>
[...]
</properties>
  <testcase name="contextLoads" classname="com.salud.backend.BackendApplicationTests" time="1.046">
    <system-out><![CDATA[17:12:07.901 [main] INFO org.springframework.test.context.support.AnnotationConfigContextLoaderUtils -- Could not detect default configuration classes for test class [com.salud.backend.BackendApplicationTests]: BackendApplicationTests does not declare any static, non-private, non-final, nested classes annotated with @Configuration.
17:12:08.120 [main] INFO org.springframework.boot.test.context.SpringBootTestContextBootstrapper -- Found @SpringBootConfiguration com.salud.backend.BackendApplication for test class com.salud.backend.BackendApplicationTests

  .   ____          _            __ _ _
 /\\ / ___'_ __ _ _(_)_ __  __ _ \ \ \ \
( ( )\___ | '_ | '_| | '_ \/ _` | \ \ \ \
 \\/  ___)| |_)| | | | | || (_| |  ) ) ) )
  '  |____| .__|_| |_|_| |_\__, | / / / /
 =========|_|==============|___/=/_/_/_/
 :: Spring Boot ::                (v3.2.4)

2025-11-11T17:12:08.901-05:00  INFO 8512 --- [           main] c.salud.backend.BackendApplicationTests  : Starting BackendApplicationTests using Java 17.0.17 with PID 8512 (started by USER in C:\Users\USER\Documents\092025_A-E3_REACT\092025_A-E3_JAVA)
2025-11-11T17:12:08.901-05:00  INFO 8512 --- [           main] c.salud.backend.BackendApplicationTests  : No active profile set, falling back to 1 default profile: "default"
2025-11-11T17:12:10.487-05:00  INFO 8512 --- [           main] .s.d.r.c.RepositoryConfigurationDelegate : Bootstrapping Spring Data JPA repositories in DEFAULT mode.
2025-11-11T17:12:10.605-05:00  INFO 8512 --- [           main] .s.d.r.c.RepositoryConfigurationDelegate : Finished Spring Data repository scanning in 113 ms. Found 6 JPA repository interfaces.
2025-11-11T17:12:11.416-05:00  INFO 8512 --- [           main] o.hibernate.jpa.internal.util.LogHelper  : HHH000204: Processing PersistenceUnitInfo [name: default]
2025-11-11T17:12:11.515-05:00  INFO 8512 --- [           main] org.hibernate.Version                    : HHH000412: Hibernate ORM core version 6.4.4.Final
2025-11-11T17:12:11.573-05:00  INFO 8512 --- [           main] o.h.c.internal.RegionFactoryInitiator    : HHH000026: Second-level cache disabled
2025-11-11T17:12:12.058-05:00  INFO 8512 --- [           main] o.s.o.j.p.SpringPersistenceUnitInfo      : No LoadTimeWeaver setup: ignoring JPA class transformer
2025-11-11T17:12:12.105-05:00  INFO 8512 --- [           main] com.zaxxer.hikari.HikariDataSource       : HikariPool-1 - Starting...
2025-11-11T17:12:13.080-05:00  INFO 8512 --- [           main] com.zaxxer.hikari.pool.HikariPool        : HikariPool-1 - Added connection com.mysql.cj.jdbc.ConnectionImpl@4ebfb045
2025-11-11T17:12:13.084-05:00  INFO 8512 --- [           main] com.zaxxer.hikari.HikariDataSource       : HikariPool-1 - Start completed.
2025-11-11T17:12:13.151-05:00  WARN 8512 --- [           main] o.h.e.j.e.i.JdbcEnvironmentInitiator     : HHH000339: Could not obtain connection metadata: java.sql.SQLSyntaxErrorException: Unknown column 'RESERVED' in 'WHERE'
2025-11-11T17:12:13.281-05:00  WARN 8512 --- [           main] org.hibernate.orm.deprecation            : HHH90000025: MySQL8Dialect does not need to be specified explicitly using 'hibernate.dialect' (remove the property setting and it will be selected by default)
2025-11-11T17:12:13.281-05:00  WARN 8512 --- [           main] org.hibernate.orm.deprecation            : HHH90000026: MySQL8Dialect has been deprecated; use org.hibernate.dialect.MySQLDialect instead
2025-11-11T17:12:14.698-05:00  INFO 8512 --- [           main] o.h.e.t.j.p.i.JtaPlatformInitiator       : HHH000489: No JTA platform available (set 'hibernate.transaction.jta.platform' to enable JTA platform integration)
2025-11-11T17:12:16.145-05:00 DEBUG 8512 --- [           main] org.hibernate.SQL                        : 
    alter table familiares 
       add column correo varchar(255)
Hibernate: 
    alter table familiares 
       add column correo varchar(255)
2025-11-11T17:12:16.619-05:00 DEBUG 8512 --- [           main] org.hibernate.SQL                        : 
    alter table familiares 
       add column usuario_id bigint
Hibernate: 
    alter table familiares 
       add column usuario_id bigint
2025-11-11T17:12:16.913-05:00 DEBUG 8512 --- [           main] org.hibernate.SQL                        : 
    alter table recordatorio 
       add column alerta_enviada bit not null
Hibernate: 
    alter table recordatorio 
       add column alerta_enviada bit not null
2025-11-11T17:12:17.276-05:00 DEBUG 8512 --- [           main] org.hibernate.SQL                        : 
    alter table recordatorio 
       add column notificado bit not null
Hibernate: 
    alter table recordatorio 
       add column notificado bit not null
2025-11-11T17:12:17.620-05:00 DEBUG 8512 --- [           main] org.hibernate.SQL                        : 
    alter table recordatorio 
       add column notificado_at datetime(6)
Hibernate: 
    alter table recordatorio 
       add column notificado_at datetime(6)
2025-11-11T17:12:18.566-05:00 DEBUG 8512 --- [           main] org.hibernate.SQL                        : 
    alter table familiares 
       add constraint FKoo6llph3a8ldxrgkb0n1v6ca9 
       foreign key (usuario_id) 
       references usuario (id)
Hibernate: 
    alter table familiares 
       add constraint FKoo6llph3a8ldxrgkb0n1v6ca9 
       foreign key (usuario_id) 
       references usuario (id)
2025-11-11T17:12:19.682-05:00  INFO 8512 --- [           main] j.LocalContainerEntityManagerFactoryBean : Initialized JPA EntityManagerFactory for persistence unit 'default'
✅ Zona horaria establecida: America/Lima
2025-11-11T17:12:20.542-05:00  WARN 8512 --- [           main] JpaBaseConfiguration$JpaWebConfiguration : spring.jpa.open-in-view is enabled by default. Therefore, database queries may be performed during view rendering. Explicitly configure spring.jpa.open-in-view to disable this warning
2025-11-11T17:12:20.589-05:00  WARN 8512 --- [           main] .s.s.UserDetailsServiceAutoConfiguration : 

Using generated security password: 0e10530c-1e01-4241-9bb2-d769f91a420c

This generated password is for development use only. Your security configuration must be updated before running your application in production.

2025-11-11T17:12:20.792-05:00  INFO 8512 --- [           main] o.s.s.web.DefaultSecurityFilterChain     : Will secure any request with [org.springframework.security.web.session.DisableEncodeUrlFilter@2e8eafb2, org.springframework.security.web.context.request.async.WebAsyncManagerIntegrationFilter@7a3f3bc4, org.springframework.security.web.context.SecurityContextHolderFilter@6c0bf8f4, org.springframework.security.web.header.HeaderWriterFilter@193c810, org.springframework.web.filter.CorsFilter@8cd2bb5, org.springframework.security.web.authentication.logout.LogoutFilter@47f4dc8d, org.springframework.security.web.savedrequest.RequestCacheAwareFilter@52b77d5e, org.springframework.security.web.servletapi.SecurityContextHolderAwareRequestFilter@6ab6ec33, org.springframework.security.web.authentication.AnonymousAuthenticationFilter@1a3611b1, org.springframework.security.web.access.ExceptionTranslationFilter@13d1653, org.springframework.security.web.access.intercept.AuthorizationFilter@6f076c53]
2025-11-11T17:12:21.511-05:00  INFO 8512 --- [           main] c.salud.backend.BackendApplicationTests  : Started BackendApplicationTests in 13.1 seconds (process running for 15.069)
2025-11-11T17:12:21.887-05:00 DEBUG 8512 --- [   scheduling-1] org.hibernate.SQL                        : 
    select
        r1_0.id,
        r1_0.alerta_enviada,
        r1_0.descripcion,
        r1_0.fecha_hora,
        r1_0.notificado,
        r1_0.notificado_at,
        r1_0.tomado,
        r1_0.usuario_id 
    from
        recordatorio r1_0 
    where
        not(r1_0.notificado)
Hibernate: 
    select
        r1_0.id,
        r1_0.alerta_enviada,
        r1_0.descripcion,
        r1_0.fecha_hora,
        r1_0.notificado,
        r1_0.notificado_at,
        r1_0.tomado,
        r1_0.usuario_id 
    from
        recordatorio r1_0 
    where
        not(r1_0.notificado)
2025-11-11T17:12:21.920-05:00 DEBUG 8512 --- [   scheduling-1] org.hibernate.SQL                        : 
    select
        u1_0.id,
        u1_0.correo,
        u1_0.nombre,
        u1_0.password,
        u1_0.tipo 
    from
        usuario u1_0 
    where
        u1_0.id=?
Hibernate: 
    select
        u1_0.id,
        u1_0.correo,
        u1_0.nombre,
        u1_0.password,
        u1_0.tipo 
    from
        usuario u1_0 
    where
        u1_0.id=?
2025-11-11T17:12:21.971-05:00 DEBUG 8512 --- [   scheduling-1] org.hibernate.SQL                        : 
    select
        r1_0.id,
        r1_0.alerta_enviada,
        r1_0.descripcion,
        r1_0.fecha_hora,
        r1_0.notificado,
        r1_0.notificado_at,
        r1_0.tomado,
        r1_0.usuario_id 
    from
        recordatorio r1_0 
    where
        r1_0.notificado 
        and not(r1_0.tomado) 
        and not(r1_0.alerta_enviada)
Hibernate: 
    select
        r1_0.id,
        r1_0.alerta_enviada,
        r1_0.descripcion,
        r1_0.fecha_hora,
        r1_0.notificado,
        r1_0.notificado_at,
        r1_0.tomado,
        r1_0.usuario_id 
    from
        recordatorio r1_0 
    where
        r1_0.notificado 
        and not(r1_0.tomado) 
        and not(r1_0.alerta_enviada)
]]></system-out>
  </testcase>
</testsuite>